<?xml version="1.0" encoding="UTF-8"?>
<!-- Generated by org.testng.reporters.JUnitReportReporter -->
<testsuite hostname="LAPTOP-NCQL4PN1" failures="0" tests="1" name="com.qa.testcases.NewTest" time="0.144" errors="0" timestamp="12 Mar 2022 05:05:56 GMT" skipped="0">
  <testcase classname="com.qa.testcases.NewTest" name="f" time="0.144"/>
</testsuite> <!-- com.qa.testcases.NewTest -->
